<?xml version="1.0" encoding="UTF-8"?>
<testng-results skipped="0" failed="2" ignored="0" total="14" passed="12">
  <reporter-output>
    <line>
      <![CDATA[Facebook – log in or sign up]]>
    </line>
    <line>
      <![CDATA[Google]]>
    </line>
    <line>
      <![CDATA[from Before class method]]>
    </line>
    <line>
      <![CDATA[from apple]]>
    </line>
    <line>
      <![CDATA[from apple]]>
    </line>
    <line>
      <![CDATA[from banana]]>
    </line>
    <line>
      <![CDATA[from banana]]>
    </line>
    <line>
      <![CDATA[from banana]]>
    </line>
    <line>
      <![CDATA[from zebra]]>
    </line>
    <line>
      <![CDATA[from zebra]]>
    </line>
    <line>
      <![CDATA[from zebra]]>
    </line>
    <line>
      <![CDATA[from zebra]]>
    </line>
    <line>
      <![CDATA[from zebra]]>
    </line>
    <line>
      <![CDATA[from After class method]]>
    </line>
  </reporter-output>
  <suite name="Suite" duration-ms="26630" started-at="2021-03-06T20:19:07 IST" finished-at="2021-03-06T20:19:33 IST">
    <groups>
    </groups>
    <test name="Test" duration-ms="26630" started-at="2021-03-06T20:19:07 IST" finished-at="2021-03-06T20:19:33 IST">
      <class name="testng.P2">
        <test-method status="PASS" signature="openApp()[pri:0, instance:testng.P2@26aa12dd]" name="openApp" is-config="true" duration-ms="4926" started-at="2021-03-06T20:19:07 IST" finished-at="2021-03-06T20:19:12 IST">
          <reporter-output>
          </reporter-output>
        </test-method> <!-- openApp -->
        <test-method status="PASS" signature="testFB()[pri:0, instance:testng.P2@26aa12dd]" name="testFB" duration-ms="3129" started-at="2021-03-06T20:19:12 IST" finished-at="2021-03-06T20:19:15 IST">
          <reporter-output>
            <line>
              <![CDATA[Facebook – log in or sign up]]>
            </line>
          </reporter-output>
        </test-method> <!-- testFB -->
        <test-method status="PASS" signature="closeApp()[pri:0, instance:testng.P2@26aa12dd]" name="closeApp" is-config="true" duration-ms="353" started-at="2021-03-06T20:19:15 IST" finished-at="2021-03-06T20:19:15 IST">
          <reporter-output>
          </reporter-output>
        </test-method> <!-- closeApp -->
        <test-method status="PASS" signature="openApp()[pri:0, instance:testng.P2@26aa12dd]" name="openApp" is-config="true" duration-ms="3776" started-at="2021-03-06T20:19:15 IST" finished-at="2021-03-06T20:19:19 IST">
          <reporter-output>
          </reporter-output>
        </test-method> <!-- openApp -->
        <test-method status="PASS" signature="testGoogle()[pri:0, instance:testng.P2@26aa12dd]" name="testGoogle" duration-ms="2995" started-at="2021-03-06T20:19:19 IST" finished-at="2021-03-06T20:19:22 IST">
          <reporter-output>
            <line>
              <![CDATA[Google]]>
            </line>
          </reporter-output>
        </test-method> <!-- testGoogle -->
        <test-method status="PASS" signature="closeApp()[pri:0, instance:testng.P2@26aa12dd]" name="closeApp" is-config="true" duration-ms="202" started-at="2021-03-06T20:19:22 IST" finished-at="2021-03-06T20:19:22 IST">
          <reporter-output>
          </reporter-output>
        </test-method> <!-- closeApp -->
      </class> <!-- testng.P2 -->
      <class name="testng.P1">
        <test-method status="PASS" signature="test1()[pri:0, instance:testng.P1@3fd7a715]" name="test1" is-config="true" duration-ms="0" started-at="2021-03-06T20:19:22 IST" finished-at="2021-03-06T20:19:22 IST">
          <reporter-output>
            <line>
              <![CDATA[from Before class method]]>
            </line>
          </reporter-output>
        </test-method> <!-- test1 -->
        <test-method status="PASS" signature="apple()[pri:0, instance:testng.P1@3fd7a715]" name="apple" duration-ms="3" started-at="2021-03-06T20:19:22 IST" finished-at="2021-03-06T20:19:22 IST">
          <reporter-output>
            <line>
              <![CDATA[from apple]]>
            </line>
          </reporter-output>
        </test-method> <!-- apple -->
        <test-method status="PASS" signature="apple()[pri:0, instance:testng.P1@3fd7a715]" name="apple" duration-ms="3" started-at="2021-03-06T20:19:22 IST" finished-at="2021-03-06T20:19:22 IST">
          <reporter-output>
            <line>
              <![CDATA[from apple]]>
            </line>
          </reporter-output>
        </test-method> <!-- apple -->
        <test-method status="PASS" signature="banana()[pri:50, instance:testng.P1@3fd7a715]" name="banana" duration-ms="3" started-at="2021-03-06T20:19:22 IST" finished-at="2021-03-06T20:19:22 IST">
          <reporter-output>
            <line>
              <![CDATA[from banana]]>
            </line>
          </reporter-output>
        </test-method> <!-- banana -->
        <test-method status="PASS" signature="banana()[pri:50, instance:testng.P1@3fd7a715]" name="banana" duration-ms="1" started-at="2021-03-06T20:19:22 IST" finished-at="2021-03-06T20:19:22 IST">
          <reporter-output>
            <line>
              <![CDATA[from banana]]>
            </line>
          </reporter-output>
        </test-method> <!-- banana -->
        <test-method status="PASS" signature="banana()[pri:50, instance:testng.P1@3fd7a715]" name="banana" duration-ms="1" started-at="2021-03-06T20:19:22 IST" finished-at="2021-03-06T20:19:22 IST">
          <reporter-output>
            <line>
              <![CDATA[from banana]]>
            </line>
          </reporter-output>
        </test-method> <!-- banana -->
        <test-method status="PASS" signature="zebra()[pri:50, instance:testng.P1@3fd7a715]" name="zebra" duration-ms="1" started-at="2021-03-06T20:19:22 IST" finished-at="2021-03-06T20:19:22 IST">
          <reporter-output>
            <line>
              <![CDATA[from zebra]]>
            </line>
          </reporter-output>
        </test-method> <!-- zebra -->
        <test-method status="PASS" signature="zebra()[pri:50, instance:testng.P1@3fd7a715]" name="zebra" duration-ms="2" started-at="2021-03-06T20:19:22 IST" finished-at="2021-03-06T20:19:22 IST">
          <reporter-output>
            <line>
              <![CDATA[from zebra]]>
            </line>
          </reporter-output>
        </test-method> <!-- zebra -->
        <test-method status="PASS" signature="zebra()[pri:50, instance:testng.P1@3fd7a715]" name="zebra" duration-ms="4" started-at="2021-03-06T20:19:22 IST" finished-at="2021-03-06T20:19:22 IST">
          <reporter-output>
            <line>
              <![CDATA[from zebra]]>
            </line>
          </reporter-output>
        </test-method> <!-- zebra -->
        <test-method status="PASS" signature="zebra()[pri:50, instance:testng.P1@3fd7a715]" name="zebra" duration-ms="1" started-at="2021-03-06T20:19:22 IST" finished-at="2021-03-06T20:19:22 IST">
          <reporter-output>
            <line>
              <![CDATA[from zebra]]>
            </line>
          </reporter-output>
        </test-method> <!-- zebra -->
        <test-method status="PASS" signature="zebra()[pri:50, instance:testng.P1@3fd7a715]" name="zebra" duration-ms="3" started-at="2021-03-06T20:19:22 IST" finished-at="2021-03-06T20:19:22 IST">
          <reporter-output>
            <line>
              <![CDATA[from zebra]]>
            </line>
          </reporter-output>
        </test-method> <!-- zebra -->
        <test-method status="PASS" signature="test2()[pri:0, instance:testng.P1@3fd7a715]" name="test2" is-config="true" duration-ms="3" started-at="2021-03-06T20:19:22 IST" finished-at="2021-03-06T20:19:22 IST">
          <reporter-output>
            <line>
              <![CDATA[from After class method]]>
            </line>
          </reporter-output>
        </test-method> <!-- test2 -->
      </class> <!-- testng.P1 -->
      <class name="testng.P4">
        <test-method status="FAIL" signature="test1()[pri:0, instance:testng.P4@711f39f9]" name="test1" duration-ms="5574" started-at="2021-03-06T20:19:22 IST" finished-at="2021-03-06T20:19:28 IST">
          <exception class="java.lang.AssertionError">
            <message>
              <![CDATA[The following asserts failed:
expected [Firefox] but found [Google]]]>
            </message>
            <full-stacktrace>
              <![CDATA[java.lang.AssertionError: The following asserts failed:
expected [Firefox] but found [Google]
at org.testng.asserts.SoftAssert.assertAll(SoftAssert.java:47)
at org.testng.asserts.SoftAssert.assertAll(SoftAssert.java:31)
at testng.P4.test1(P4.java:27)
at sun.reflect.NativeMethodAccessorImpl.invoke0(Native Method)
at sun.reflect.NativeMethodAccessorImpl.invoke(NativeMethodAccessorImpl.java:62)
at sun.reflect.DelegatingMethodAccessorImpl.invoke(DelegatingMethodAccessorImpl.java:43)
at java.lang.reflect.Method.invoke(Method.java:498)
at org.testng.internal.MethodInvocationHelper.invokeMethod(MethodInvocationHelper.java:132)
at org.testng.internal.TestInvoker.invokeMethod(TestInvoker.java:599)
at org.testng.internal.TestInvoker.invokeTestMethod(TestInvoker.java:174)
at org.testng.internal.MethodRunner.runInSequence(MethodRunner.java:46)
at org.testng.internal.TestInvoker$MethodInvocationAgent.invoke(TestInvoker.java:822)
at org.testng.internal.TestInvoker.invokeTestMethods(TestInvoker.java:147)
at org.testng.internal.TestMethodWorker.invokeTestMethods(TestMethodWorker.java:146)
at org.testng.internal.TestMethodWorker.run(TestMethodWorker.java:128)
at java.util.ArrayList.forEach(ArrayList.java:1257)
at org.testng.TestRunner.privateRun(TestRunner.java:764)
at org.testng.TestRunner.run(TestRunner.java:585)
at org.testng.SuiteRunner.runTest(SuiteRunner.java:384)
at org.testng.SuiteRunner.runSequentially(SuiteRunner.java:378)
at org.testng.SuiteRunner.privateRun(SuiteRunner.java:337)
at org.testng.SuiteRunner.run(SuiteRunner.java:286)
at org.testng.SuiteRunnerWorker.runSuite(SuiteRunnerWorker.java:53)
at org.testng.SuiteRunnerWorker.run(SuiteRunnerWorker.java:96)
at org.testng.TestNG.runSuitesSequentially(TestNG.java:1218)
at org.testng.TestNG.runSuitesLocally(TestNG.java:1140)
at org.testng.TestNG.runSuites(TestNG.java:1069)
at org.testng.TestNG.run(TestNG.java:1037)
at org.testng.remote.AbstractRemoteTestNG.run(AbstractRemoteTestNG.java:115)
at org.testng.remote.RemoteTestNG.initAndRun(RemoteTestNG.java:251)
at org.testng.remote.RemoteTestNG.main(RemoteTestNG.java:77)
]]>
            </full-stacktrace>
          </exception> <!-- java.lang.AssertionError -->
          <reporter-output>
          </reporter-output>
        </test-method> <!-- test1 -->
      </class> <!-- testng.P4 -->
      <class name="testng.P3">
        <test-method status="FAIL" signature="test1()[pri:0, instance:testng.P3@71bbf57e]" name="test1" duration-ms="5518" started-at="2021-03-06T20:19:28 IST" finished-at="2021-03-06T20:19:33 IST">
          <exception class="java.lang.AssertionError">
            <message>
              <![CDATA[expected [Firefox] but found [Google]]]>
            </message>
            <full-stacktrace>
              <![CDATA[java.lang.AssertionError: expected [Firefox] but found [Google]
at org.testng.Assert.fail(Assert.java:99)
at org.testng.Assert.failNotEquals(Assert.java:1037)
at org.testng.Assert.assertEqualsImpl(Assert.java:140)
at org.testng.Assert.assertEquals(Assert.java:122)
at org.testng.Assert.assertEquals(Assert.java:629)
at org.testng.Assert.assertEquals(Assert.java:639)
at testng.P3.test1(P3.java:21)
at sun.reflect.NativeMethodAccessorImpl.invoke0(Native Method)
at sun.reflect.NativeMethodAccessorImpl.invoke(NativeMethodAccessorImpl.java:62)
at sun.reflect.DelegatingMethodAccessorImpl.invoke(DelegatingMethodAccessorImpl.java:43)
at java.lang.reflect.Method.invoke(Method.java:498)
at org.testng.internal.MethodInvocationHelper.invokeMethod(MethodInvocationHelper.java:132)
at org.testng.internal.TestInvoker.invokeMethod(TestInvoker.java:599)
at org.testng.internal.TestInvoker.invokeTestMethod(TestInvoker.java:174)
at org.testng.internal.MethodRunner.runInSequence(MethodRunner.java:46)
at org.testng.internal.TestInvoker$MethodInvocationAgent.invoke(TestInvoker.java:822)
at org.testng.internal.TestInvoker.invokeTestMethods(TestInvoker.java:147)
at org.testng.internal.TestMethodWorker.invokeTestMethods(TestMethodWorker.java:146)
at org.testng.internal.TestMethodWorker.run(TestMethodWorker.java:128)
at java.util.ArrayList.forEach(ArrayList.java:1257)
at org.testng.TestRunner.privateRun(TestRunner.java:764)
at org.testng.TestRunner.run(TestRunner.java:585)
at org.testng.SuiteRunner.runTest(SuiteRunner.java:384)
at org.testng.SuiteRunner.runSequentially(SuiteRunner.java:378)
at org.testng.SuiteRunner.privateRun(SuiteRunner.java:337)
at org.testng.SuiteRunner.run(SuiteRunner.java:286)
at org.testng.SuiteRunnerWorker.runSuite(SuiteRunnerWorker.java:53)
at org.testng.SuiteRunnerWorker.run(SuiteRunnerWorker.java:96)
at org.testng.TestNG.runSuitesSequentially(TestNG.java:1218)
at org.testng.TestNG.runSuitesLocally(TestNG.java:1140)
at org.testng.TestNG.runSuites(TestNG.java:1069)
at org.testng.TestNG.run(TestNG.java:1037)
at org.testng.remote.AbstractRemoteTestNG.run(AbstractRemoteTestNG.java:115)
at org.testng.remote.RemoteTestNG.initAndRun(RemoteTestNG.java:251)
at org.testng.remote.RemoteTestNG.main(RemoteTestNG.java:77)
]]>
            </full-stacktrace>
          </exception> <!-- java.lang.AssertionError -->
          <reporter-output>
          </reporter-output>
        </test-method> <!-- test1 -->
      </class> <!-- testng.P3 -->
    </test> <!-- Test -->
  </suite> <!-- Suite -->
</testng-results>
